[debug] [2022-09-25T11:31:47.265Z] ----------------------------------------------------------------------
[debug] [2022-09-25T11:31:47.267Z] Command:       C:\Program Files\nodejs\node.exe C:\Users\Abudu\AppData\Roaming\npm\node_modules\firebase-tools\lib\bin\firebase.js deploy
[debug] [2022-09-25T11:31:47.268Z] CLI Version:   10.6.0
[debug] [2022-09-25T11:31:47.268Z] Platform:      win32
[debug] [2022-09-25T11:31:47.268Z] Node Version:  v16.15.0
[debug] [2022-09-25T11:31:47.270Z] Time:          Sun Sep 25 2022 12:31:47 GMT+0100 (British Summer Time)
[debug] [2022-09-25T11:31:47.270Z] ----------------------------------------------------------------------
[debug] 
[debug] [2022-09-25T11:31:47.274Z] >>> [apiv2][query] GET https://firebase-public.firebaseio.com/cli.json [none]
[debug] [2022-09-25T11:31:47.373Z] > command requires scopes: ["email","openid","https://www.googleapis.com/auth/cloudplatformprojects.readonly","https://www.googleapis.com/auth/firebase","https://www.googleapis.com/auth/cloud-platform"]
[debug] [2022-09-25T11:31:47.373Z] > authorizing via signed-in user (abudutouray1999.at@gmail.com)
[debug] [2022-09-25T11:31:47.374Z] [iam] checking project a-a0e34 for permissions ["firebase.projects.get","firebasehosting.sites.update"]
[debug] [2022-09-25T11:31:47.375Z] > refreshing access token with scopes: []
[debug] [2022-09-25T11:31:47.376Z] >>> HTTP REQUEST POST https://www.googleapis.com/oauth2/v3/token  
 <request body omitted>
[debug] [2022-09-25T11:31:47.571Z] <<< HTTP RESPONSE 200 {"pragma":"no-cache","expires":"Mon, 01 Jan 1990 00:00:00 GMT","date":"Sun, 25 Sep 2022 11:31:47 GMT","cache-control":"no-cache, no-store, max-age=0, must-revalidate","content-type":"application/json; charset=utf-8","vary":"X-Origin, Referer, Origin,Accept-Encoding","server":"scaffolding on HTTPServer2","x-xss-protection":"0","x-frame-options":"SAMEORIGIN","x-content-type-options":"nosniff","alt-svc":"h3=\":443\"; ma=2592000,h3-29=\":443\"; ma=2592000,h3-Q050=\":443\"; ma=2592000,h3-Q046=\":443\"; ma=2592000,h3-Q043=\":443\"; ma=2592000,quic=\":443\"; ma=2592000; v=\"46,43\"","accept-ranges":"none","transfer-encoding":"chunked"}
[debug] [2022-09-25T11:31:47.597Z] >>> [apiv2][query] POST https://cloudresourcemanager.googleapis.com/v1/projects/a-a0e34:testIamPermissions [none]
[debug] [2022-09-25T11:31:47.597Z] >>> [apiv2][body] POST https://cloudresourcemanager.googleapis.com/v1/projects/a-a0e34:testIamPermissions {"permissions":["firebase.projects.get","firebasehosting.sites.update"]}
[debug] [2022-09-25T11:31:47.714Z] <<< [apiv2][status] GET https://firebase-public.firebaseio.com/cli.json 200
[debug] [2022-09-25T11:31:47.714Z] <<< [apiv2][body] GET https://firebase-public.firebaseio.com/cli.json {"cloudBuildErrorAfter":1594252800000,"cloudBuildWarnAfter":1590019200000,"defaultNode10After":1594252800000,"minVersion":"3.0.5","node8DeploysDisabledAfter":1613390400000,"node8RuntimeDisabledAfter":1615809600000,"node8WarnAfter":1600128000000}
[debug] [2022-09-25T11:31:48.444Z] <<< [apiv2][status] POST https://cloudresourcemanager.googleapis.com/v1/projects/a-a0e34:testIamPermissions 200
[debug] [2022-09-25T11:31:48.444Z] <<< [apiv2][body] POST https://cloudresourcemanager.googleapis.com/v1/projects/a-a0e34:testIamPermissions {}
[debug] [2022-09-25T11:31:48.445Z] [iam] error while checking permissions, command may fail: FirebaseError: Authorization failed. This account is missing the following required permissions on project a-a0e34:

  firebase.projects.get
  firebasehosting.sites.update
[debug] [2022-09-25T11:31:48.446Z] >>> [apiv2][query] GET https://firebase.googleapis.com/v1beta1/projects/a-a0e34 [none]
[debug] [2022-09-25T11:31:49.023Z] <<< [apiv2][status] GET https://firebase.googleapis.com/v1beta1/projects/a-a0e34 403
[debug] [2022-09-25T11:31:49.023Z] <<< [apiv2][body] GET https://firebase.googleapis.com/v1beta1/projects/a-a0e34 {"error":{"code":403,"message":"The caller does not have permission","status":"PERMISSION_DENIED"}}
[debug] [2022-09-25T11:31:49.024Z] HTTP Error: 403, The caller does not have permission
[debug] [2022-09-25T11:31:49.131Z] FirebaseError: HTTP Error: 403, The caller does not have permission
    at module.exports (C:\Users\Abudu\AppData\Roaming\npm\node_modules\firebase-tools\lib\responseToError.js:47:12)
    at RetryOperation._fn (C:\Users\Abudu\AppData\Roaming\npm\node_modules\firebase-tools\lib\apiv2.js:286:39)
    at processTicksAndRejections (node:internal/process/task_queues:96:5)
[error] 
[error] Error: Failed to get Firebase project a-a0e34. Please make sure the project exists and your account has permission to access it.
